<?xml version="1.0" encoding="UTF-8" ?>
<testsuite failures="4" time="0.349" errors="0" skipped="0" tests="6" name="com.ams.infrastructure.persistance.jpa.ServiceRepositoryImpl_JPA_Test">
  <properties>
[...]
</properties>
  <testcase time="0.054" classname="com.ams.infrastructure.persistance.jpa.ServiceRepositoryImpl_JPA_Test" name="testCreate">
    <failure message="expected:&lt;0&gt; but was:&lt;1&gt;" type="java.lang.AssertionError">java.lang.AssertionError: expected:&lt;0&gt; but was:&lt;1&gt;
	at org.junit.Assert.fail(Assert.java:91)
	at org.junit.Assert.failNotEquals(Assert.java:645)
	at org.junit.Assert.assertEquals(Assert.java:126)
	at org.junit.Assert.assertEquals(Assert.java:470)
	at org.junit.Assert.assertEquals(Assert.java:454)
	at com.ams.infrastructure.persistance.jpa.ServiceRepositoryImpl_JPA_Test.testCreate(ServiceRepositoryImpl_JPA_Test.java:57)
	at sun.reflect.NativeMethodAccessorImpl.invoke0(Native Method)
	at sun.reflect.NativeMethodAccessorImpl.invoke(NativeMethodAccessorImpl.java:57)
	at sun.reflect.DelegatingMethodAccessorImpl.invoke(DelegatingMethodAccessorImpl.java:43)
	at java.lang.reflect.Method.invoke(Method.java:606)
	at org.junit.runners.model.FrameworkMethod$1.runReflectiveCall(FrameworkMethod.java:44)
	at org.junit.internal.runners.model.ReflectiveCallable.run(ReflectiveCallable.java:15)
	at org.junit.runners.model.FrameworkMethod.invokeExplosively(FrameworkMethod.java:41)
	at org.junit.internal.runners.statements.InvokeMethod.evaluate(InvokeMethod.java:20)
	at org.junit.internal.runners.statements.RunBefores.evaluate(RunBefores.java:28)
	at org.springframework.test.context.junit4.statements.RunBeforeTestMethodCallbacks.evaluate(RunBeforeTestMethodCallbacks.java:74)
	at org.junit.internal.runners.statements.RunAfters.evaluate(RunAfters.java:31)
	at org.springframework.test.context.junit4.statements.RunAfterTestMethodCallbacks.evaluate(RunAfterTestMethodCallbacks.java:83)
	at org.springframework.test.context.junit4.statements.SpringRepeat.evaluate(SpringRepeat.java:72)
	at org.springframework.test.context.junit4.SpringJUnit4ClassRunner.runChild(SpringJUnit4ClassRunner.java:231)
	at org.springframework.test.context.junit4.SpringJUnit4ClassRunner.runChild(SpringJUnit4ClassRunner.java:88)
	at org.junit.runners.ParentRunner$3.run(ParentRunner.java:193)
	at org.junit.runners.ParentRunner$1.schedule(ParentRunner.java:52)
	at org.junit.runners.ParentRunner.runChildren(ParentRunner.java:191)
	at org.junit.runners.ParentRunner.access$000(ParentRunner.java:42)
	at org.junit.runners.ParentRunner$2.evaluate(ParentRunner.java:184)
	at org.junit.internal.runners.statements.RunBefores.evaluate(RunBefores.java:28)
	at org.springframework.test.context.junit4.statements.RunBeforeTestClassCallbacks.evaluate(RunBeforeTestClassCallbacks.java:61)
	at org.junit.internal.runners.statements.RunAfters.evaluate(RunAfters.java:31)
	at org.springframework.test.context.junit4.statements.RunAfterTestClassCallbacks.evaluate(RunAfterTestClassCallbacks.java:71)
	at org.junit.runners.ParentRunner.run(ParentRunner.java:236)
	at org.springframework.test.context.junit4.SpringJUnit4ClassRunner.run(SpringJUnit4ClassRunner.java:174)
	at org.apache.maven.surefire.junit4.JUnit4TestSet.execute(JUnit4TestSet.java:53)
	at org.apache.maven.surefire.junit4.JUnit4Provider.executeTestSet(JUnit4Provider.java:123)
	at org.apache.maven.surefire.junit4.JUnit4Provider.invoke(JUnit4Provider.java:104)
	at sun.reflect.NativeMethodAccessorImpl.invoke0(Native Method)
	at sun.reflect.NativeMethodAccessorImpl.invoke(NativeMethodAccessorImpl.java:57)
	at sun.reflect.DelegatingMethodAccessorImpl.invoke(DelegatingMethodAccessorImpl.java:43)
	at java.lang.reflect.Method.invoke(Method.java:606)
	at org.apache.maven.surefire.util.ReflectionUtils.invokeMethodWithArray(ReflectionUtils.java:164)
	at org.apache.maven.surefire.booter.ProviderFactory$ProviderProxy.invoke(ProviderFactory.java:110)
	at org.apache.maven.surefire.booter.SurefireStarter.invokeProvider(SurefireStarter.java:175)
	at org.apache.maven.surefire.booter.SurefireStarter.runSuitesInProcessWhenForked(SurefireStarter.java:107)
	at org.apache.maven.surefire.booter.ForkedBooter.main(ForkedBooter.java:68)
</failure>
    <system-out>Hibernate: select service0_.srvcCode as srvcCode3_, service0_.srvcDescription as srvcDesc2_3_, service0_.srvcName as srvcName3_ from T_SERVICE service0_
</system-out>
    <system-err>Apr 08, 2017 9:48:59 PM org.springframework.aop.framework.CglibAopProxy doValidateClass
WARNING: Unable to proxy method [public final void com.ams.infrastructure.persistance.jpa.ServiceRepositoryImpl_JPA_Test.testCreate()] because it is final: All calls to this method via a proxy will be routed directly to the proxy.
Apr 08, 2017 9:48:59 PM org.springframework.aop.framework.CglibAopProxy doValidateClass
WARNING: Unable to proxy method [public final void com.ams.infrastructure.persistance.jpa.ServiceRepositoryImpl_JPA_Test.testFindBySrvcPlanName()] because it is final: All calls to this method via a proxy will be routed directly to the proxy.
Apr 08, 2017 9:48:59 PM org.springframework.aop.framework.CglibAopProxy doValidateClass
WARNING: Unable to proxy method [public final void com.ams.infrastructure.persistance.jpa.ServiceRepositoryImpl_JPA_Test.testUpdate()] because it is final: All calls to this method via a proxy will be routed directly to the proxy.
Apr 08, 2017 9:48:59 PM org.springframework.aop.framework.CglibAopProxy doValidateClass
WARNING: Unable to proxy method [public final void com.ams.infrastructure.persistance.jpa.ServiceRepositoryImpl_JPA_Test.testDelete()] because it is final: All calls to this method via a proxy will be routed directly to the proxy.
Apr 08, 2017 9:48:59 PM org.springframework.aop.framework.CglibAopProxy doValidateClass
WARNING: Unable to proxy method [public final void com.ams.infrastructure.persistance.jpa.ServiceRepositoryImpl_JPA_Test.testFindById()] because it is final: All calls to this method via a proxy will be routed directly to the proxy.
Apr 08, 2017 9:48:59 PM org.springframework.aop.framework.CglibAopProxy doValidateClass
WARNING: Unable to proxy method [public final void com.ams.infrastructure.persistance.jpa.ServiceRepositoryImpl_JPA_Test.testFindAll()] because it is final: All calls to this method via a proxy will be routed directly to the proxy.
Apr 08, 2017 9:48:59 PM org.springframework.test.context.transaction.TransactionalTestExecutionListener startNewTransaction
INFO: Began transaction (1): transaction manager [org.springframework.orm.jpa.JpaTransactionManager@6abf59]; rollback [true]
Apr 08, 2017 9:48:59 PM org.springframework.test.context.transaction.TransactionalTestExecutionListener endTransaction
INFO: Rolled back transaction after test execution for test context [TestContext@b6737c testClass = ServiceRepositoryImpl_JPA_Test, testInstance = com.ams.infrastructure.persistance.jpa.ServiceRepositoryImpl_JPA_Test@57f107, testMethod = testCreate@ServiceRepositoryImpl_JPA_Test, testException = java.lang.AssertionError: expected:&lt;0&gt; but was:&lt;1&gt;, mergedContextConfiguration = [MergedContextConfiguration@1913b29 testClass = ServiceRepositoryImpl_JPA_Test, locations = &apos;{classpath:com/ams/infrastructure/configuration/ApplicationContext.xml}&apos;, classes = &apos;{}&apos;, contextInitializerClasses = &apos;[]&apos;, activeProfiles = &apos;{}&apos;, contextLoader = &apos;org.springframework.test.context.support.DelegatingSmartContextLoader&apos;]]
</system-err>
  </testcase>
  <testcase time="0.087" classname="com.ams.infrastructure.persistance.jpa.ServiceRepositoryImpl_JPA_Test" name="testFindBySrvcPlanName">
    <failure message="expected:&lt;M[onthly maintainance s]ervice&gt; but was:&lt;M[aintainance S]ervice&gt;" type="org.junit.ComparisonFailure">org.junit.ComparisonFailure: expected:&lt;M[onthly maintainance s]ervice&gt; but was:&lt;M[aintainance S]ervice&gt;
	at org.junit.Assert.assertEquals(Assert.java:123)
	at org.junit.Assert.assertEquals(Assert.java:145)
	at com.ams.infrastructure.persistance.jpa.ServiceRepositoryImpl_JPA_Test.testFindBySrvcPlanName(ServiceRepositoryImpl_JPA_Test.java:95)
	at sun.reflect.NativeMethodAccessorImpl.invoke0(Native Method)
	at sun.reflect.NativeMethodAccessorImpl.invoke(NativeMethodAccessorImpl.java:57)
	at sun.reflect.DelegatingMethodAccessorImpl.invoke(DelegatingMethodAccessorImpl.java:43)
	at java.lang.reflect.Method.invoke(Method.java:606)
	at org.junit.runners.model.FrameworkMethod$1.runReflectiveCall(FrameworkMethod.java:44)
	at org.junit.internal.runners.model.ReflectiveCallable.run(ReflectiveCallable.java:15)
	at org.junit.runners.model.FrameworkMethod.invokeExplosively(FrameworkMethod.java:41)
	at org.junit.internal.runners.statements.InvokeMethod.evaluate(InvokeMethod.java:20)
	at org.junit.internal.runners.statements.RunBefores.evaluate(RunBefores.java:28)
	at org.springframework.test.context.junit4.statements.RunBeforeTestMethodCallbacks.evaluate(RunBeforeTestMethodCallbacks.java:74)
	at org.junit.internal.runners.statements.RunAfters.evaluate(RunAfters.java:31)
	at org.springframework.test.context.junit4.statements.RunAfterTestMethodCallbacks.evaluate(RunAfterTestMethodCallbacks.java:83)
	at org.springframework.test.context.junit4.statements.SpringRepeat.evaluate(SpringRepeat.java:72)
	at org.springframework.test.context.junit4.SpringJUnit4ClassRunner.runChild(SpringJUnit4ClassRunner.java:231)
	at org.springframework.test.context.junit4.SpringJUnit4ClassRunner.runChild(SpringJUnit4ClassRunner.java:88)
	at org.junit.runners.ParentRunner$3.run(ParentRunner.java:193)
	at org.junit.runners.ParentRunner$1.schedule(ParentRunner.java:52)
	at org.junit.runners.ParentRunner.runChildren(ParentRunner.java:191)
	at org.junit.runners.ParentRunner.access$000(ParentRunner.java:42)
	at org.junit.runners.ParentRunner$2.evaluate(ParentRunner.java:184)
	at org.junit.internal.runners.statements.RunBefores.evaluate(RunBefores.java:28)
	at org.springframework.test.context.junit4.statements.RunBeforeTestClassCallbacks.evaluate(RunBeforeTestClassCallbacks.java:61)
	at org.junit.internal.runners.statements.RunAfters.evaluate(RunAfters.java:31)
	at org.springframework.test.context.junit4.statements.RunAfterTestClassCallbacks.evaluate(RunAfterTestClassCallbacks.java:71)
	at org.junit.runners.ParentRunner.run(ParentRunner.java:236)
	at org.springframework.test.context.junit4.SpringJUnit4ClassRunner.run(SpringJUnit4ClassRunner.java:174)
	at org.apache.maven.surefire.junit4.JUnit4TestSet.execute(JUnit4TestSet.java:53)
	at org.apache.maven.surefire.junit4.JUnit4Provider.executeTestSet(JUnit4Provider.java:123)
	at org.apache.maven.surefire.junit4.JUnit4Provider.invoke(JUnit4Provider.java:104)
	at sun.reflect.NativeMethodAccessorImpl.invoke0(Native Method)
	at sun.reflect.NativeMethodAccessorImpl.invoke(NativeMethodAccessorImpl.java:57)
	at sun.reflect.DelegatingMethodAccessorImpl.invoke(DelegatingMethodAccessorImpl.java:43)
	at java.lang.reflect.Method.invoke(Method.java:606)
	at org.apache.maven.surefire.util.ReflectionUtils.invokeMethodWithArray(ReflectionUtils.java:164)
	at org.apache.maven.surefire.booter.ProviderFactory$ProviderProxy.invoke(ProviderFactory.java:110)
	at org.apache.maven.surefire.booter.SurefireStarter.invokeProvider(SurefireStarter.java:175)
	at org.apache.maven.surefire.booter.SurefireStarter.runSuitesInProcessWhenForked(SurefireStarter.java:107)
	at org.apache.maven.surefire.booter.ForkedBooter.main(ForkedBooter.java:68)
</failure>
    <system-out>Hibernate: select service0_.srvcCode as srvcCode3_, service0_.srvcDescription as srvcDesc2_3_, service0_.srvcName as srvcName3_ from T_SERVICE service0_ cross join T_SERVICERATE servicerat1_ where service0_.srvcCode=servicerat1_.Service_Code and servicerat1_.ServicePlan_Id=&apos;ADHOC-BILL&apos;
Hibernate: select service0_.srvcCode as srvcCode3_1_, service0_.srvcDescription as srvcDesc2_3_1_, service0_.srvcName as srvcName3_1_, srvcrateli1_.Service_Code as Service10_3_3_, srvcrateli1_.srvcRateId as srvcRateId3_, srvcrateli1_.srvcRateId as srvcRateId1_0_, srvcrateli1_.Service_Code as Service10_1_0_, srvcrateli1_.chargeFrequency as chargeFr2_1_0_, srvcrateli1_.chargeName as chargeName1_0_, srvcrateli1_.chargePercentile as chargePe4_1_0_, srvcrateli1_.perUnit as perUnit1_0_, srvcrateli1_.amount as amount1_0_, srvcrateli1_.currency as currency1_0_, srvcrateli1_.chargeType as chargeType1_0_, srvcrateli1_.percentileBased as percenti9_1_0_, srvcrateli1_.ServicePlan_Id as Service11_1_0_ from T_SERVICE service0_ left outer join T_SERVICERATE srvcrateli1_ on service0_.srvcCode=srvcrateli1_.Service_Code where service0_.srvcCode=?
</system-out>
    <system-err>Apr 08, 2017 9:48:59 PM org.springframework.test.context.transaction.TransactionalTestExecutionListener startNewTransaction
INFO: Began transaction (2): transaction manager [org.springframework.orm.jpa.JpaTransactionManager@6abf59]; rollback [true]
Apr 08, 2017 9:48:59 PM org.springframework.test.context.transaction.TransactionalTestExecutionListener endTransaction
INFO: Rolled back transaction after test execution for test context [TestContext@b6737c testClass = ServiceRepositoryImpl_JPA_Test, testInstance = com.ams.infrastructure.persistance.jpa.ServiceRepositoryImpl_JPA_Test@161a430, testMethod = testFindBySrvcPlanName@ServiceRepositoryImpl_JPA_Test, testException = org.junit.ComparisonFailure: expected:&lt;M[onthly maintainance s]ervice&gt; but was:&lt;M[aintainance S]ervice&gt;, mergedContextConfiguration = [MergedContextConfiguration@1913b29 testClass = ServiceRepositoryImpl_JPA_Test, locations = &apos;{classpath:com/ams/infrastructure/configuration/ApplicationContext.xml}&apos;, classes = &apos;{}&apos;, contextInitializerClasses = &apos;[]&apos;, activeProfiles = &apos;{}&apos;, contextLoader = &apos;org.springframework.test.context.support.DelegatingSmartContextLoader&apos;]]
</system-err>
  </testcase>
  <testcase time="0.036" classname="com.ams.infrastructure.persistance.jpa.ServiceRepositoryImpl_JPA_Test" name="testUpdate"/>
  <testcase time="0.044" classname="com.ams.infrastructure.persistance.jpa.ServiceRepositoryImpl_JPA_Test" name="testDelete">
    <failure message="expected:&lt;0&gt; but was:&lt;1&gt;" type="java.lang.AssertionError">java.lang.AssertionError: expected:&lt;0&gt; but was:&lt;1&gt;
	at org.junit.Assert.fail(Assert.java:91)
	at org.junit.Assert.failNotEquals(Assert.java:645)
	at org.junit.Assert.assertEquals(Assert.java:126)
	at org.junit.Assert.assertEquals(Assert.java:470)
	at org.junit.Assert.assertEquals(Assert.java:454)
	at com.ams.infrastructure.persistance.jpa.ServiceRepositoryImpl_JPA_Test.testDelete(ServiceRepositoryImpl_JPA_Test.java:75)
	at sun.reflect.NativeMethodAccessorImpl.invoke0(Native Method)
	at sun.reflect.NativeMethodAccessorImpl.invoke(NativeMethodAccessorImpl.java:57)
	at sun.reflect.DelegatingMethodAccessorImpl.invoke(DelegatingMethodAccessorImpl.java:43)
	at java.lang.reflect.Method.invoke(Method.java:606)
	at org.junit.runners.model.FrameworkMethod$1.runReflectiveCall(FrameworkMethod.java:44)
	at org.junit.internal.runners.model.ReflectiveCallable.run(ReflectiveCallable.java:15)
	at org.junit.runners.model.FrameworkMethod.invokeExplosively(FrameworkMethod.java:41)
	at org.junit.internal.runners.statements.InvokeMethod.evaluate(InvokeMethod.java:20)
	at org.junit.internal.runners.statements.RunBefores.evaluate(RunBefores.java:28)
	at org.springframework.test.context.junit4.statements.RunBeforeTestMethodCallbacks.evaluate(RunBeforeTestMethodCallbacks.java:74)
	at org.junit.internal.runners.statements.RunAfters.evaluate(RunAfters.java:31)
	at org.springframework.test.context.junit4.statements.RunAfterTestMethodCallbacks.evaluate(RunAfterTestMethodCallbacks.java:83)
	at org.springframework.test.context.junit4.statements.SpringRepeat.evaluate(SpringRepeat.java:72)
	at org.springframework.test.context.junit4.SpringJUnit4ClassRunner.runChild(SpringJUnit4ClassRunner.java:231)
	at org.springframework.test.context.junit4.SpringJUnit4ClassRunner.runChild(SpringJUnit4ClassRunner.java:88)
	at org.junit.runners.ParentRunner$3.run(ParentRunner.java:193)
	at org.junit.runners.ParentRunner$1.schedule(ParentRunner.java:52)
	at org.junit.runners.ParentRunner.runChildren(ParentRunner.java:191)
	at org.junit.runners.ParentRunner.access$000(ParentRunner.java:42)
	at org.junit.runners.ParentRunner$2.evaluate(ParentRunner.java:184)
	at org.junit.internal.runners.statements.RunBefores.evaluate(RunBefores.java:28)
	at org.springframework.test.context.junit4.statements.RunBeforeTestClassCallbacks.evaluate(RunBeforeTestClassCallbacks.java:61)
	at org.junit.internal.runners.statements.RunAfters.evaluate(RunAfters.java:31)
	at org.springframework.test.context.junit4.statements.RunAfterTestClassCallbacks.evaluate(RunAfterTestClassCallbacks.java:71)
	at org.junit.runners.ParentRunner.run(ParentRunner.java:236)
	at org.springframework.test.context.junit4.SpringJUnit4ClassRunner.run(SpringJUnit4ClassRunner.java:174)
	at org.apache.maven.surefire.junit4.JUnit4TestSet.execute(JUnit4TestSet.java:53)
	at org.apache.maven.surefire.junit4.JUnit4Provider.executeTestSet(JUnit4Provider.java:123)
	at org.apache.maven.surefire.junit4.JUnit4Provider.invoke(JUnit4Provider.java:104)
	at sun.reflect.NativeMethodAccessorImpl.invoke0(Native Method)
	at sun.reflect.NativeMethodAccessorImpl.invoke(NativeMethodAccessorImpl.java:57)
	at sun.reflect.DelegatingMethodAccessorImpl.invoke(DelegatingMethodAccessorImpl.java:43)
	at java.lang.reflect.Method.invoke(Method.java:606)
	at org.apache.maven.surefire.util.ReflectionUtils.invokeMethodWithArray(ReflectionUtils.java:164)
	at org.apache.maven.surefire.booter.ProviderFactory$ProviderProxy.invoke(ProviderFactory.java:110)
	at org.apache.maven.surefire.booter.SurefireStarter.invokeProvider(SurefireStarter.java:175)
	at org.apache.maven.surefire.booter.SurefireStarter.runSuitesInProcessWhenForked(SurefireStarter.java:107)
	at org.apache.maven.surefire.booter.ForkedBooter.main(ForkedBooter.java:68)
</failure>
    <system-out>Hibernate: select service0_.srvcCode as srvcCode3_, service0_.srvcDescription as srvcDesc2_3_, service0_.srvcName as srvcName3_ from T_SERVICE service0_
Hibernate: select srvcrateli0_.Service_Code as Service10_3_1_, srvcrateli0_.srvcRateId as srvcRateId1_, srvcrateli0_.srvcRateId as srvcRateId1_0_, srvcrateli0_.Service_Code as Service10_1_0_, srvcrateli0_.chargeFrequency as chargeFr2_1_0_, srvcrateli0_.chargeName as chargeName1_0_, srvcrateli0_.chargePercentile as chargePe4_1_0_, srvcrateli0_.perUnit as perUnit1_0_, srvcrateli0_.amount as amount1_0_, srvcrateli0_.currency as currency1_0_, srvcrateli0_.chargeType as chargeType1_0_, srvcrateli0_.percentileBased as percenti9_1_0_, srvcrateli0_.ServicePlan_Id as Service11_1_0_ from T_SERVICERATE srvcrateli0_ where srvcrateli0_.Service_Code=?
</system-out>
    <system-err>Apr 08, 2017 9:48:59 PM org.springframework.test.context.transaction.TransactionalTestExecutionListener startNewTransaction
INFO: Began transaction (4): transaction manager [org.springframework.orm.jpa.JpaTransactionManager@6abf59]; rollback [true]
Apr 08, 2017 9:48:59 PM org.springframework.test.context.transaction.TransactionalTestExecutionListener endTransaction
INFO: Rolled back transaction after test execution for test context [TestContext@b6737c testClass = ServiceRepositoryImpl_JPA_Test, testInstance = com.ams.infrastructure.persistance.jpa.ServiceRepositoryImpl_JPA_Test@10d77d, testMethod = testDelete@ServiceRepositoryImpl_JPA_Test, testException = java.lang.AssertionError: expected:&lt;0&gt; but was:&lt;1&gt;, mergedContextConfiguration = [MergedContextConfiguration@1913b29 testClass = ServiceRepositoryImpl_JPA_Test, locations = &apos;{classpath:com/ams/infrastructure/configuration/ApplicationContext.xml}&apos;, classes = &apos;{}&apos;, contextInitializerClasses = &apos;[]&apos;, activeProfiles = &apos;{}&apos;, contextLoader = &apos;org.springframework.test.context.support.DelegatingSmartContextLoader&apos;]]
</system-err>
  </testcase>
  <testcase time="0.045" classname="com.ams.infrastructure.persistance.jpa.ServiceRepositoryImpl_JPA_Test" name="testFindById"/>
  <testcase time="0.038" classname="com.ams.infrastructure.persistance.jpa.ServiceRepositoryImpl_JPA_Test" name="testFindAll">
    <failure message="expected:&lt;0&gt; but was:&lt;1&gt;" type="java.lang.AssertionError">java.lang.AssertionError: expected:&lt;0&gt; but was:&lt;1&gt;
	at org.junit.Assert.fail(Assert.java:91)
	at org.junit.Assert.failNotEquals(Assert.java:645)
	at org.junit.Assert.assertEquals(Assert.java:126)
	at org.junit.Assert.assertEquals(Assert.java:470)
	at org.junit.Assert.assertEquals(Assert.java:454)
	at com.ams.infrastructure.persistance.jpa.ServiceRepositoryImpl_JPA_Test.testFindAll(ServiceRepositoryImpl_JPA_Test.java:102)
	at sun.reflect.NativeMethodAccessorImpl.invoke0(Native Method)
	at sun.reflect.NativeMethodAccessorImpl.invoke(NativeMethodAccessorImpl.java:57)
	at sun.reflect.DelegatingMethodAccessorImpl.invoke(DelegatingMethodAccessorImpl.java:43)
	at java.lang.reflect.Method.invoke(Method.java:606)
	at org.junit.runners.model.FrameworkMethod$1.runReflectiveCall(FrameworkMethod.java:44)
	at org.junit.internal.runners.model.ReflectiveCallable.run(ReflectiveCallable.java:15)
	at org.junit.runners.model.FrameworkMethod.invokeExplosively(FrameworkMethod.java:41)
	at org.junit.internal.runners.statements.InvokeMethod.evaluate(InvokeMethod.java:20)
	at org.junit.internal.runners.statements.RunBefores.evaluate(RunBefores.java:28)
	at org.springframework.test.context.junit4.statements.RunBeforeTestMethodCallbacks.evaluate(RunBeforeTestMethodCallbacks.java:74)
	at org.junit.internal.runners.statements.RunAfters.evaluate(RunAfters.java:31)
	at org.springframework.test.context.junit4.statements.RunAfterTestMethodCallbacks.evaluate(RunAfterTestMethodCallbacks.java:83)
	at org.springframework.test.context.junit4.statements.SpringRepeat.evaluate(SpringRepeat.java:72)
	at org.springframework.test.context.junit4.SpringJUnit4ClassRunner.runChild(SpringJUnit4ClassRunner.java:231)
	at org.springframework.test.context.junit4.SpringJUnit4ClassRunner.runChild(SpringJUnit4ClassRunner.java:88)
	at org.junit.runners.ParentRunner$3.run(ParentRunner.java:193)
	at org.junit.runners.ParentRunner$1.schedule(ParentRunner.java:52)
	at org.junit.runners.ParentRunner.runChildren(ParentRunner.java:191)
	at org.junit.runners.ParentRunner.access$000(ParentRunner.java:42)
	at org.junit.runners.ParentRunner$2.evaluate(ParentRunner.java:184)
	at org.junit.internal.runners.statements.RunBefores.evaluate(RunBefores.java:28)
	at org.springframework.test.context.junit4.statements.RunBeforeTestClassCallbacks.evaluate(RunBeforeTestClassCallbacks.java:61)
	at org.junit.internal.runners.statements.RunAfters.evaluate(RunAfters.java:31)
	at org.springframework.test.context.junit4.statements.RunAfterTestClassCallbacks.evaluate(RunAfterTestClassCallbacks.java:71)
	at org.junit.runners.ParentRunner.run(ParentRunner.java:236)
	at org.springframework.test.context.junit4.SpringJUnit4ClassRunner.run(SpringJUnit4ClassRunner.java:174)
	at org.apache.maven.surefire.junit4.JUnit4TestSet.execute(JUnit4TestSet.java:53)
	at org.apache.maven.surefire.junit4.JUnit4Provider.executeTestSet(JUnit4Provider.java:123)
	at org.apache.maven.surefire.junit4.JUnit4Provider.invoke(JUnit4Provider.java:104)
	at sun.reflect.NativeMethodAccessorImpl.invoke0(Native Method)
	at sun.reflect.NativeMethodAccessorImpl.invoke(NativeMethodAccessorImpl.java:57)
	at sun.reflect.DelegatingMethodAccessorImpl.invoke(DelegatingMethodAccessorImpl.java:43)
	at java.lang.reflect.Method.invoke(Method.java:606)
	at org.apache.maven.surefire.util.ReflectionUtils.invokeMethodWithArray(ReflectionUtils.java:164)
	at org.apache.maven.surefire.booter.ProviderFactory$ProviderProxy.invoke(ProviderFactory.java:110)
	at org.apache.maven.surefire.booter.SurefireStarter.invokeProvider(SurefireStarter.java:175)
	at org.apache.maven.surefire.booter.SurefireStarter.runSuitesInProcessWhenForked(SurefireStarter.java:107)
	at org.apache.maven.surefire.booter.ForkedBooter.main(ForkedBooter.java:68)
</failure>
    <system-out>Hibernate: select service0_.srvcCode as srvcCode3_, service0_.srvcDescription as srvcDesc2_3_, service0_.srvcName as srvcName3_ from T_SERVICE service0_
Hibernate: select srvcrateli0_.Service_Code as Service10_3_1_, srvcrateli0_.srvcRateId as srvcRateId1_, srvcrateli0_.srvcRateId as srvcRateId1_0_, srvcrateli0_.Service_Code as Service10_1_0_, srvcrateli0_.chargeFrequency as chargeFr2_1_0_, srvcrateli0_.chargeName as chargeName1_0_, srvcrateli0_.chargePercentile as chargePe4_1_0_, srvcrateli0_.perUnit as perUnit1_0_, srvcrateli0_.amount as amount1_0_, srvcrateli0_.currency as currency1_0_, srvcrateli0_.chargeType as chargeType1_0_, srvcrateli0_.percentileBased as percenti9_1_0_, srvcrateli0_.ServicePlan_Id as Service11_1_0_ from T_SERVICERATE srvcrateli0_ where srvcrateli0_.Service_Code=?
</system-out>
    <system-err>Apr 08, 2017 9:48:59 PM org.springframework.test.context.transaction.TransactionalTestExecutionListener startNewTransaction
INFO: Began transaction (6): transaction manager [org.springframework.orm.jpa.JpaTransactionManager@6abf59]; rollback [true]
Apr 08, 2017 9:48:59 PM org.springframework.test.context.transaction.TransactionalTestExecutionListener endTransaction
INFO: Rolled back transaction after test execution for test context [TestContext@b6737c testClass = ServiceRepositoryImpl_JPA_Test, testInstance = com.ams.infrastructure.persistance.jpa.ServiceRepositoryImpl_JPA_Test@7b0921, testMethod = testFindAll@ServiceRepositoryImpl_JPA_Test, testException = java.lang.AssertionError: expected:&lt;0&gt; but was:&lt;1&gt;, mergedContextConfiguration = [MergedContextConfiguration@1913b29 testClass = ServiceRepositoryImpl_JPA_Test, locations = &apos;{classpath:com/ams/infrastructure/configuration/ApplicationContext.xml}&apos;, classes = &apos;{}&apos;, contextInitializerClasses = &apos;[]&apos;, activeProfiles = &apos;{}&apos;, contextLoader = &apos;org.springframework.test.context.support.DelegatingSmartContextLoader&apos;]]
</system-err>
  </testcase>
</testsuite>