<?xml version="1.0" encoding="UTF-8" ?>
<testsuite failures="4" time="0.349" errors="0" skipped="0" tests="6" name="com.ams.infrastructure.persistance.jpa.ServiceRepositoryImpl_JPA_Test">
  <properties>
    <property name="java.runtime.name" value="Java(TM) SE Runtime Environment"/>
    <property name="sun.boot.library.path" value="C:\Program Files\Java\jdk1.7.0_80\jre\bin"/>
    <property name="java.vm.version" value="24.80-b11"/>
    <property name="java.vm.vendor" value="Oracle Corporation"/>
    <property name="java.vendor.url" value="http://java.oracle.com/"/>
    <property name="path.separator" value=";"/>
    <property name="guice.disable.misplaced.annotation.check" value="true"/>
    <property name="java.vm.name" value="Java HotSpot(TM) Client VM"/>
    <property name="file.encoding.pkg" value="sun.io"/>
    <property name="user.script" value=""/>
    <property name="user.country" value="IN"/>
    <property name="sun.java.launcher" value="SUN_STANDARD"/>
    <property name="sun.os.patch.level" value=""/>
    <property name="java.vm.specification.name" value="Java Virtual Machine Specification"/>
    <property name="user.dir" value="C:\AMS_CODE\Amsaas_withCalendar\AmsaaSV0.1"/>
    <property name="java.runtime.version" value="1.7.0_80-b15"/>
    <property name="java.awt.graphicsenv" value="sun.awt.Win32GraphicsEnvironment"/>
    <property name="java.endorsed.dirs" value="C:\Program Files\Java\jdk1.7.0_80\jre\lib\endorsed"/>
    <property name="os.arch" value="x86"/>
    <property name="java.io.tmpdir" value="C:\Users\Santosh\AppData\Local\Temp\"/>
    <property name="line.separator" value="
"/>
    <property name="java.vm.specification.vendor" value="Oracle Corporation"/>
    <property name="user.variant" value=""/>
    <property name="os.name" value="Windows Vista"/>
    <property name="classworlds.conf" value="C:\Users\Santosh\Documents\Santosh-root\Workspace2015\.metadata\.plugins\org.eclipse.m2e.core\launches\m2conf2679400087694389370.tmp"/>
    <property name="sun.jnu.encoding" value="Cp1252"/>
    <property name="java.library.path" value="C:\Program Files\Java\jdk1.7.0_80\jre\bin;C:\Windows\Sun\Java\bin;C:\Windows\system32;C:\Windows;C:/Program Files/Java/jre7/bin/client;C:/Program Files/Java/jre7/bin;C:/Program Files/Java/jre7/lib/i386;C:\Windows\system32;C:\Windows;C:\Windows\System32\Wbem;C:\Program Files\Common Files\Roxio Shared\DLLShared\;C:\Program Files\Common Files\Roxio Shared\DLLShared\;C:\Program Files\Common Files\Roxio Shared\9.0\DLLShared\;C:\apache-maven-3.3.3\bin;C:\Program Files\MySQL\MySQL Fabric 1.5 &amp; MySQL Utilities 1.5\;C:\Program Files\MySQL\MySQL Fabric 1.5 &amp; MySQL Utilities 1.5\Doctrine extensions for PHP\;C:\Program Files\TortoiseGit\bin;C:\Program Files\nodejs\;C:\Program Files\Skype\Phone\;C:\Windows\system32;C:\Windows;C:\Windows\System32\Wbem;C:\Program Files\Common Files\Roxio Shared\DLLShared\;C:\Program Files\Common Files\Roxio Shared\DLLShared\;C:\Program Files\Common Files\Roxio Shared\9.0\DLLShared\;C:\apache-maven-3.3.3\bin;C:\Program Files\MySQL\MySQL Fabric 1.5 &amp; MySQL Utilities 1.5\;C:\Program Files\MySQL\MySQL Fabric 1.5 &amp; MySQL Utilities 1.5\Doctrine extensions for PHP\;C:\Program Files\Java\jdk1.8.0_40\bin;C:\Users\Santosh\AppData\Roaming\npm;C:\eclipse-Helios6;;."/>
    <property name="java.specification.name" value="Java Platform API Specification"/>
    <property name="java.class.version" value="51.0"/>
    <property name="sun.management.compiler" value="HotSpot Client Compiler"/>
    <property name="os.version" value="6.0"/>
    <property name="user.home" value="C:\Users\Santosh"/>
    <property name="user.timezone" value="Asia/Calcutta"/>
    <property name="java.awt.printerjob" value="sun.awt.windows.WPrinterJob"/>
    <property name="java.specification.version" value="1.7"/>
    <property name="file.encoding" value="Cp1252"/>
    <property name="user.name" value="Santosh"/>
    <property name="java.class.path" value="/C:/eclipse-Helios6/configuration/org.eclipse.osgi/bundles/740/1/.cp/jars/plexus-classworlds-2.4.jar"/>
    <property name="java.vm.specification.version" value="1.7"/>
    <property name="sun.arch.data.model" value="32"/>
    <property name="java.home" value="C:\Program Files\Java\jdk1.7.0_80\jre"/>
    <property name="sun.java.command" value="org.codehaus.plexus.classworlds.launcher.Launcher -B -s C:\Users\Santosh\.m2\settings.xml install"/>
    <property name="java.specification.vendor" value="Oracle Corporation"/>
    <property name="user.language" value="en"/>
    <property name="awt.toolkit" value="sun.awt.windows.WToolkit"/>
    <property name="java.vm.info" value="mixed mode, sharing"/>
    <property name="java.version" value="1.7.0_80"/>
    <property name="java.ext.dirs" value="C:\Program Files\Java\jdk1.7.0_80\jre\lib\ext;C:\Windows\Sun\Java\lib\ext"/>
    <property name="sun.boot.class.path" value="C:\Program Files\Java\jdk1.7.0_80\jre\lib\resources.jar;C:\Program Files\Java\jdk1.7.0_80\jre\lib\rt.jar;C:\Program Files\Java\jdk1.7.0_80\jre\lib\sunrsasign.jar;C:\Program Files\Java\jdk1.7.0_80\jre\lib\jsse.jar;C:\Program Files\Java\jdk1.7.0_80\jre\lib\jce.jar;C:\Program Files\Java\jdk1.7.0_80\jre\lib\charsets.jar;C:\Program Files\Java\jdk1.7.0_80\jre\lib\jfr.jar;C:\Program Files\Java\jdk1.7.0_80\jre\classes"/>
    <property name="java.vendor" value="Oracle Corporation"/>
    <property name="maven.home" value="C:\AMS_CODE\Amsaas_withCalendar\AmsaaSV0.1\EMBEDDED"/>
    <property name="file.separator" value="\"/>
    <property name="java.vendor.url.bug" value="http://bugreport.sun.com/bugreport/"/>
    <property name="sun.cpu.endian" value="little"/>
    <property name="sun.io.unicode.encoding" value="UnicodeLittle"/>
    <property name="sun.desktop" value="windows"/>
    <property name="sun.cpu.isalist" value="pentium_pro+mmx pentium_pro pentium+mmx pentium i486 i386 i86"/>
  </properties>
  <testcase time="0.054" classname="com.ams.infrastructure.persistance.jpa.ServiceRepositoryImpl_JPA_Test" name="testCreate">
    <failure message="expected:&lt;0&gt; but was:&lt;1&gt;" type="java.lang.AssertionError">java.lang.AssertionError: expected:&lt;0&gt; but was:&lt;1&gt;
	at org.junit.Assert.fail(Assert.java:91)
	at org.junit.Assert.failNotEquals(Assert.java:645)
	at org.junit.Assert.assertEquals(Assert.java:126)
	at org.junit.Assert.assertEquals(Assert.java:470)
	at org.junit.Assert.assertEquals(Assert.java:454)
	at com.ams.infrastructure.persistance.jpa.ServiceRepositoryImpl_JPA_Test.testCreate(ServiceRepositoryImpl_JPA_Test.java:57)
	at sun.reflect.NativeMethodAccessorImpl.invoke0(Native Method)
	at sun.reflect.NativeMethodAccessorImpl.invoke(NativeMethodAccessorImpl.java:57)
	at sun.reflect.DelegatingMethodAccessorImpl.invoke(DelegatingMethodAccessorImpl.java:43)
	at java.lang.reflect.Method.invoke(Method.java:606)
	at org.junit.runners.model.FrameworkMethod$1.runReflectiveCall(FrameworkMethod.java:44)
	at org.junit.internal.runners.model.ReflectiveCallable.run(ReflectiveCallable.java:15)
	at org.junit.runners.model.FrameworkMethod.invokeExplosively(FrameworkMethod.java:41)
	at org.junit.internal.runners.statements.InvokeMethod.evaluate(InvokeMethod.java:20)
	at org.junit.internal.runners.statements.RunBefores.evaluate(RunBefores.java:28)
	at org.springframework.test.context.junit4.statements.RunBeforeTestMethodCallbacks.evaluate(RunBeforeTestMethodCallbacks.java:74)
	at org.junit.internal.runners.statements.RunAfters.evaluate(RunAfters.java:31)
	at org.springframework.test.context.junit4.statements.RunAfterTestMethodCallbacks.evaluate(RunAfterTestMethodCallbacks.java:83)
	at org.springframework.test.context.junit4.statements.SpringRepeat.evaluate(SpringRepeat.java:72)
	at org.springframework.test.context.junit4.SpringJUnit4ClassRunner.runChild(SpringJUnit4ClassRunner.java:231)
	at org.springframework.test.context.junit4.SpringJUnit4ClassRunner.runChild(SpringJUnit4ClassRunner.java:88)
	at org.junit.runners.ParentRunner$3.run(ParentRunner.java:193)
	at org.junit.runners.ParentRunner$1.schedule(ParentRunner.java:52)
	at org.junit.runners.ParentRunner.runChildren(ParentRunner.java:191)
	at org.junit.runners.ParentRunner.access$000(ParentRunner.java:42)
	at org.junit.runners.ParentRunner$2.evaluate(ParentRunner.java:184)
	at org.junit.internal.runners.statements.RunBefores.evaluate(RunBefores.java:28)
	at org.springframework.test.context.junit4.statements.RunBeforeTestClassCallbacks.evaluate(RunBeforeTestClassCallbacks.java:61)
	at org.junit.internal.runners.statements.RunAfters.evaluate(RunAfters.java:31)
	at org.springframework.test.context.junit4.statements.RunAfterTestClassCallbacks.evaluate(RunAfterTestClassCallbacks.java:71)
	at org.junit.runners.ParentRunner.run(ParentRunner.java:236)
	at org.springframework.test.context.junit4.SpringJUnit4ClassRunner.run(SpringJUnit4ClassRunner.java:174)
	at org.apache.maven.surefire.junit4.JUnit4TestSet.execute(JUnit4TestSet.java:53)
	at org.apache.maven.surefire.junit4.JUnit4Provider.executeTestSet(JUnit4Provider.java:123)
	at org.apache.maven.surefire.junit4.JUnit4Provider.invoke(JUnit4Provider.java:104)
	at sun.reflect.NativeMethodAccessorImpl.invoke0(Native Method)
	at sun.reflect.NativeMethodAccessorImpl.invoke(NativeMethodAccessorImpl.java:57)
	at sun.reflect.DelegatingMethodAccessorImpl.invoke(DelegatingMethodAccessorImpl.java:43)
	at java.lang.reflect.Method.invoke(Method.java:606)
	at org.apache.maven.surefire.util.ReflectionUtils.invokeMethodWithArray(ReflectionUtils.java:164)
	at org.apache.maven.surefire.booter.ProviderFactory$ProviderProxy.invoke(ProviderFactory.java:110)
	at org.apache.maven.surefire.booter.SurefireStarter.invokeProvider(SurefireStarter.java:175)
	at org.apache.maven.surefire.booter.SurefireStarter.runSuitesInProcessWhenForked(SurefireStarter.java:107)
	at org.apache.maven.surefire.booter.ForkedBooter.main(ForkedBooter.java:68)
</failure>
    <system-out>Hibernate: select service0_.srvcCode as srvcCode3_, service0_.srvcDescription as srvcDesc2_3_, service0_.srvcName as srvcName3_ from T_SERVICE service0_
</system-out>
    <system-err>Apr 08, 2017 9:48:59 PM org.springframework.aop.framework.CglibAopProxy doValidateClass
WARNING: Unable to proxy method [public final void com.ams.infrastructure.persistance.jpa.ServiceRepositoryImpl_JPA_Test.testCreate()] because it is final: All calls to this method via a proxy will be routed directly to the proxy.
Apr 08, 2017 9:48:59 PM org.springframework.aop.framework.CglibAopProxy doValidateClass
WARNING: Unable to proxy method [public final void com.ams.infrastructure.persistance.jpa.ServiceRepositoryImpl_JPA_Test.testFindBySrvcPlanName()] because it is final: All calls to this method via a proxy will be routed directly to the proxy.
Apr 08, 2017 9:48:59 PM org.springframework.aop.framework.CglibAopProxy doValidateClass
WARNING: Unable to proxy method [public final void com.ams.infrastructure.persistance.jpa.ServiceRepositoryImpl_JPA_Test.testUpdate()] because it is final: All calls to this method via a proxy will be routed directly to the proxy.
Apr 08, 2017 9:48:59 PM org.springframework.aop.framework.CglibAopProxy doValidateClass
WARNING: Unable to proxy method [public final void com.ams.infrastructure.persistance.jpa.ServiceRepositoryImpl_JPA_Test.testDelete()] because it is final: All calls to this method via a proxy will be routed directly to the proxy.
Apr 08, 2017 9:48:59 PM org.springframework.aop.framework.CglibAopProxy doValidateClass
WARNING: Unable to proxy method [public final void com.ams.infrastructure.persistance.jpa.ServiceRepositoryImpl_JPA_Test.testFindById()] because it is final: All calls to this method via a proxy will be routed directly to the proxy.
Apr 08, 2017 9:48:59 PM org.springframework.aop.framework.CglibAopProxy doValidateClass
WARNING: Unable to proxy method [public final void com.ams.infrastructure.persistance.jpa.ServiceRepositoryImpl_JPA_Test.testFindAll()] because it is final: All calls to this method via a proxy will be routed directly to the proxy.
Apr 08, 2017 9:48:59 PM org.springframework.test.context.transaction.TransactionalTestExecutionListener startNewTransaction
INFO: Began transaction (1): transaction manager [org.springframework.orm.jpa.JpaTransactionManager@6abf59]; rollback [true]
Apr 08, 2017 9:48:59 PM org.springframework.test.context.transaction.TransactionalTestExecutionListener endTransaction
INFO: Rolled back transaction after test execution for test context [TestContext@b6737c testClass = ServiceRepositoryImpl_JPA_Test, testInstance = com.ams.infrastructure.persistance.jpa.ServiceRepositoryImpl_JPA_Test@57f107, testMethod = testCreate@ServiceRepositoryImpl_JPA_Test, testException = java.lang.AssertionError: expected:&lt;0&gt; but was:&lt;1&gt;, mergedContextConfiguration = [MergedContextConfiguration@1913b29 testClass = ServiceRepositoryImpl_JPA_Test, locations = &apos;{classpath:com/ams/infrastructure/configuration/ApplicationContext.xml}&apos;, classes = &apos;{}&apos;, contextInitializerClasses = &apos;[]&apos;, activeProfiles = &apos;{}&apos;, contextLoader = &apos;org.springframework.test.context.support.DelegatingSmartContextLoader&apos;]]
</system-err>
  </testcase>
  <testcase time="0.087" classname="com.ams.infrastructure.persistance.jpa.ServiceRepositoryImpl_JPA_Test" name="testFindBySrvcPlanName">
    <failure message="expected:&lt;M[onthly maintainance s]ervice&gt; but was:&lt;M[aintainance S]ervice&gt;" type="org.junit.ComparisonFailure">org.junit.ComparisonFailure: expected:&lt;M[onthly maintainance s]ervice&gt; but was:&lt;M[aintainance S]ervice&gt;
	at org.junit.Assert.assertEquals(Assert.java:123)
	at org.junit.Assert.assertEquals(Assert.java:145)
	at com.ams.infrastructure.persistance.jpa.ServiceRepositoryImpl_JPA_Test.testFindBySrvcPlanName(ServiceRepositoryImpl_JPA_Test.java:95)
	at sun.reflect.NativeMethodAccessorImpl.invoke0(Native Method)
	at sun.reflect.NativeMethodAccessorImpl.invoke(NativeMethodAccessorImpl.java:57)
	at sun.reflect.DelegatingMethodAccessorImpl.invoke(DelegatingMethodAccessorImpl.java:43)
	at java.lang.reflect.Method.invoke(Method.java:606)
	at org.junit.runners.model.FrameworkMethod$1.runReflectiveCall(FrameworkMethod.java:44)
	at org.junit.internal.runners.model.ReflectiveCallable.run(ReflectiveCallable.java:15)
	at org.junit.runners.model.FrameworkMethod.invokeExplosively(FrameworkMethod.java:41)
	at org.junit.internal.runners.statements.InvokeMethod.evaluate(InvokeMethod.java:20)
	at org.junit.internal.runners.statements.RunBefores.evaluate(RunBefores.java:28)
	at org.springframework.test.context.junit4.statements.RunBeforeTestMethodCallbacks.evaluate(RunBeforeTestMethodCallbacks.java:74)
	at org.junit.internal.runners.statements.RunAfters.evaluate(RunAfters.java:31)
	at org.springframework.test.context.junit4.statements.RunAfterTestMethodCallbacks.evaluate(RunAfterTestMethodCallbacks.java:83)
	at org.springframework.test.context.junit4.statements.SpringRepeat.evaluate(SpringRepeat.java:72)
	at org.springframework.test.context.junit4.SpringJUnit4ClassRunner.runChild(SpringJUnit4ClassRunner.java:231)
	at org.springframework.test.context.junit4.SpringJUnit4ClassRunner.runChild(SpringJUnit4ClassRunner.java:88)
	at org.junit.runners.ParentRunner$3.run(ParentRunner.java:193)
	at org.junit.runners.ParentRunner$1.schedule(ParentRunner.java:52)
	at org.junit.runners.ParentRunner.runChildren(ParentRunner.java:191)
	at org.junit.runners.ParentRunner.access$000(ParentRunner.java:42)
	at org.junit.runners.ParentRunner$2.evaluate(ParentRunner.java:184)
	at org.junit.internal.runners.statements.RunBefores.evaluate(RunBefores.java:28)
	at org.springframework.test.context.junit4.statements.RunBeforeTestClassCallbacks.evaluate(RunBeforeTestClassCallbacks.java:61)
	at org.junit.internal.runners.statements.RunAfters.evaluate(RunAfters.java:31)
	at org.springframework.test.context.junit4.statements.RunAfterTestClassCallbacks.evaluate(RunAfterTestClassCallbacks.java:71)
	at org.junit.runners.ParentRunner.run(ParentRunner.java:236)
	at org.springframework.test.context.junit4.SpringJUnit4ClassRunner.run(SpringJUnit4ClassRunner.java:174)
	at org.apache.maven.surefire.junit4.JUnit4TestSet.execute(JUnit4TestSet.java:53)
	at org.apache.maven.surefire.junit4.JUnit4Provider.executeTestSet(JUnit4Provider.java:123)
	at org.apache.maven.surefire.junit4.JUnit4Provider.invoke(JUnit4Provider.java:104)
	at sun.reflect.NativeMethodAccessorImpl.invoke0(Native Method)
	at sun.reflect.NativeMethodAccessorImpl.invoke(NativeMethodAccessorImpl.java:57)
	at sun.reflect.DelegatingMethodAccessorImpl.invoke(DelegatingMethodAccessorImpl.java:43)
	at java.lang.reflect.Method.invoke(Method.java:606)
	at org.apache.maven.surefire.util.ReflectionUtils.invokeMethodWithArray(ReflectionUtils.java:164)
	at org.apache.maven.surefire.booter.ProviderFactory$ProviderProxy.invoke(ProviderFactory.java:110)
	at org.apache.maven.surefire.booter.SurefireStarter.invokeProvider(SurefireStarter.java:175)
	at org.apache.maven.surefire.booter.SurefireStarter.runSuitesInProcessWhenForked(SurefireStarter.java:107)
	at org.apache.maven.surefire.booter.ForkedBooter.main(ForkedBooter.java:68)
</failure>
    <system-out>Hibernate: select service0_.srvcCode as srvcCode3_, service0_.srvcDescription as srvcDesc2_3_, service0_.srvcName as srvcName3_ from T_SERVICE service0_ cross join T_SERVICERATE servicerat1_ where service0_.srvcCode=servicerat1_.Service_Code and servicerat1_.ServicePlan_Id=&apos;ADHOC-BILL&apos;
Hibernate: select service0_.srvcCode as srvcCode3_1_, service0_.srvcDescription as srvcDesc2_3_1_, service0_.srvcName as srvcName3_1_, srvcrateli1_.Service_Code as Service10_3_3_, srvcrateli1_.srvcRateId as srvcRateId3_, srvcrateli1_.srvcRateId as srvcRateId1_0_, srvcrateli1_.Service_Code as Service10_1_0_, srvcrateli1_.chargeFrequency as chargeFr2_1_0_, srvcrateli1_.chargeName as chargeName1_0_, srvcrateli1_.chargePercentile as chargePe4_1_0_, srvcrateli1_.perUnit as perUnit1_0_, srvcrateli1_.amount as amount1_0_, srvcrateli1_.currency as currency1_0_, srvcrateli1_.chargeType as chargeType1_0_, srvcrateli1_.percentileBased as percenti9_1_0_, srvcrateli1_.ServicePlan_Id as Service11_1_0_ from T_SERVICE service0_ left outer join T_SERVICERATE srvcrateli1_ on service0_.srvcCode=srvcrateli1_.Service_Code where service0_.srvcCode=?
</system-out>
    <system-err>Apr 08, 2017 9:48:59 PM org.springframework.test.context.transaction.TransactionalTestExecutionListener startNewTransaction
INFO: Began transaction (2): transaction manager [org.springframework.orm.jpa.JpaTransactionManager@6abf59]; rollback [true]
Apr 08, 2017 9:48:59 PM org.springframework.test.context.transaction.TransactionalTestExecutionListener endTransaction
INFO: Rolled back transaction after test execution for test context [TestContext@b6737c testClass = ServiceRepositoryImpl_JPA_Test, testInstance = com.ams.infrastructure.persistance.jpa.ServiceRepositoryImpl_JPA_Test@161a430, testMethod = testFindBySrvcPlanName@ServiceRepositoryImpl_JPA_Test, testException = org.junit.ComparisonFailure: expected:&lt;M[onthly maintainance s]ervice&gt; but was:&lt;M[aintainance S]ervice&gt;, mergedContextConfiguration = [MergedContextConfiguration@1913b29 testClass = ServiceRepositoryImpl_JPA_Test, locations = &apos;{classpath:com/ams/infrastructure/configuration/ApplicationContext.xml}&apos;, classes = &apos;{}&apos;, contextInitializerClasses = &apos;[]&apos;, activeProfiles = &apos;{}&apos;, contextLoader = &apos;org.springframework.test.context.support.DelegatingSmartContextLoader&apos;]]
</system-err>
  </testcase>
  <testcase time="0.036" classname="com.ams.infrastructure.persistance.jpa.ServiceRepositoryImpl_JPA_Test" name="testUpdate"/>
  <testcase time="0.044" classname="com.ams.infrastructure.persistance.jpa.ServiceRepositoryImpl_JPA_Test" name="testDelete">
    <failure message="expected:&lt;0&gt; but was:&lt;1&gt;" type="java.lang.AssertionError">java.lang.AssertionError: expected:&lt;0&gt; but was:&lt;1&gt;
	at org.junit.Assert.fail(Assert.java:91)
	at org.junit.Assert.failNotEquals(Assert.java:645)
	at org.junit.Assert.assertEquals(Assert.java:126)
	at org.junit.Assert.assertEquals(Assert.java:470)
	at org.junit.Assert.assertEquals(Assert.java:454)
	at com.ams.infrastructure.persistance.jpa.ServiceRepositoryImpl_JPA_Test.testDelete(ServiceRepositoryImpl_JPA_Test.java:75)
	at sun.reflect.NativeMethodAccessorImpl.invoke0(Native Method)
	at sun.reflect.NativeMethodAccessorImpl.invoke(NativeMethodAccessorImpl.java:57)
	at sun.reflect.DelegatingMethodAccessorImpl.invoke(DelegatingMethodAccessorImpl.java:43)
	at java.lang.reflect.Method.invoke(Method.java:606)
	at org.junit.runners.model.FrameworkMethod$1.runReflectiveCall(FrameworkMethod.java:44)
	at org.junit.internal.runners.model.ReflectiveCallable.run(ReflectiveCallable.java:15)
	at org.junit.runners.model.FrameworkMethod.invokeExplosively(FrameworkMethod.java:41)
	at org.junit.internal.runners.statements.InvokeMethod.evaluate(InvokeMethod.java:20)
	at org.junit.internal.runners.statements.RunBefores.evaluate(RunBefores.java:28)
	at org.springframework.test.context.junit4.statements.RunBeforeTestMethodCallbacks.evaluate(RunBeforeTestMethodCallbacks.java:74)
	at org.junit.internal.runners.statements.RunAfters.evaluate(RunAfters.java:31)
	at org.springframework.test.context.junit4.statements.RunAfterTestMethodCallbacks.evaluate(RunAfterTestMethodCallbacks.java:83)
	at org.springframework.test.context.junit4.statements.SpringRepeat.evaluate(SpringRepeat.java:72)
	at org.springframework.test.context.junit4.SpringJUnit4ClassRunner.runChild(SpringJUnit4ClassRunner.java:231)
	at org.springframework.test.context.junit4.SpringJUnit4ClassRunner.runChild(SpringJUnit4ClassRunner.java:88)
	at org.junit.runners.ParentRunner$3.run(ParentRunner.java:193)
	at org.junit.runners.ParentRunner$1.schedule(ParentRunner.java:52)
	at org.junit.runners.ParentRunner.runChildren(ParentRunner.java:191)
	at org.junit.runners.ParentRunner.access$000(ParentRunner.java:42)
	at org.junit.runners.ParentRunner$2.evaluate(ParentRunner.java:184)
	at org.junit.internal.runners.statements.RunBefores.evaluate(RunBefores.java:28)
	at org.springframework.test.context.junit4.statements.RunBeforeTestClassCallbacks.evaluate(RunBeforeTestClassCallbacks.java:61)
	at org.junit.internal.runners.statements.RunAfters.evaluate(RunAfters.java:31)
	at org.springframework.test.context.junit4.statements.RunAfterTestClassCallbacks.evaluate(RunAfterTestClassCallbacks.java:71)
	at org.junit.runners.ParentRunner.run(ParentRunner.java:236)
	at org.springframework.test.context.junit4.SpringJUnit4ClassRunner.run(SpringJUnit4ClassRunner.java:174)
	at org.apache.maven.surefire.junit4.JUnit4TestSet.execute(JUnit4TestSet.java:53)
	at org.apache.maven.surefire.junit4.JUnit4Provider.executeTestSet(JUnit4Provider.java:123)
	at org.apache.maven.surefire.junit4.JUnit4Provider.invoke(JUnit4Provider.java:104)
	at sun.reflect.NativeMethodAccessorImpl.invoke0(Native Method)
	at sun.reflect.NativeMethodAccessorImpl.invoke(NativeMethodAccessorImpl.java:57)
	at sun.reflect.DelegatingMethodAccessorImpl.invoke(DelegatingMethodAccessorImpl.java:43)
	at java.lang.reflect.Method.invoke(Method.java:606)
	at org.apache.maven.surefire.util.ReflectionUtils.invokeMethodWithArray(ReflectionUtils.java:164)
	at org.apache.maven.surefire.booter.ProviderFactory$ProviderProxy.invoke(ProviderFactory.java:110)
	at org.apache.maven.surefire.booter.SurefireStarter.invokeProvider(SurefireStarter.java:175)
	at org.apache.maven.surefire.booter.SurefireStarter.runSuitesInProcessWhenForked(SurefireStarter.java:107)
	at org.apache.maven.surefire.booter.ForkedBooter.main(ForkedBooter.java:68)
</failure>
    <system-out>Hibernate: select service0_.srvcCode as srvcCode3_, service0_.srvcDescription as srvcDesc2_3_, service0_.srvcName as srvcName3_ from T_SERVICE service0_
Hibernate: select srvcrateli0_.Service_Code as Service10_3_1_, srvcrateli0_.srvcRateId as srvcRateId1_, srvcrateli0_.srvcRateId as srvcRateId1_0_, srvcrateli0_.Service_Code as Service10_1_0_, srvcrateli0_.chargeFrequency as chargeFr2_1_0_, srvcrateli0_.chargeName as chargeName1_0_, srvcrateli0_.chargePercentile as chargePe4_1_0_, srvcrateli0_.perUnit as perUnit1_0_, srvcrateli0_.amount as amount1_0_, srvcrateli0_.currency as currency1_0_, srvcrateli0_.chargeType as chargeType1_0_, srvcrateli0_.percentileBased as percenti9_1_0_, srvcrateli0_.ServicePlan_Id as Service11_1_0_ from T_SERVICERATE srvcrateli0_ where srvcrateli0_.Service_Code=?
</system-out>
    <system-err>Apr 08, 2017 9:48:59 PM org.springframework.test.context.transaction.TransactionalTestExecutionListener startNewTransaction
INFO: Began transaction (4): transaction manager [org.springframework.orm.jpa.JpaTransactionManager@6abf59]; rollback [true]
Apr 08, 2017 9:48:59 PM org.springframework.test.context.transaction.TransactionalTestExecutionListener endTransaction
INFO: Rolled back transaction after test execution for test context [TestContext@b6737c testClass = ServiceRepositoryImpl_JPA_Test, testInstance = com.ams.infrastructure.persistance.jpa.ServiceRepositoryImpl_JPA_Test@10d77d, testMethod = testDelete@ServiceRepositoryImpl_JPA_Test, testException = java.lang.AssertionError: expected:&lt;0&gt; but was:&lt;1&gt;, mergedContextConfiguration = [MergedContextConfiguration@1913b29 testClass = ServiceRepositoryImpl_JPA_Test, locations = &apos;{classpath:com/ams/infrastructure/configuration/ApplicationContext.xml}&apos;, classes = &apos;{}&apos;, contextInitializerClasses = &apos;[]&apos;, activeProfiles = &apos;{}&apos;, contextLoader = &apos;org.springframework.test.context.support.DelegatingSmartContextLoader&apos;]]
</system-err>
  </testcase>
  <testcase time="0.045" classname="com.ams.infrastructure.persistance.jpa.ServiceRepositoryImpl_JPA_Test" name="testFindById"/>
  <testcase time="0.038" classname="com.ams.infrastructure.persistance.jpa.ServiceRepositoryImpl_JPA_Test" name="testFindAll">
    <failure message="expected:&lt;0&gt; but was:&lt;1&gt;" type="java.lang.AssertionError">java.lang.AssertionError: expected:&lt;0&gt; but was:&lt;1&gt;
	at org.junit.Assert.fail(Assert.java:91)
	at org.junit.Assert.failNotEquals(Assert.java:645)
	at org.junit.Assert.assertEquals(Assert.java:126)
	at org.junit.Assert.assertEquals(Assert.java:470)
	at org.junit.Assert.assertEquals(Assert.java:454)
	at com.ams.infrastructure.persistance.jpa.ServiceRepositoryImpl_JPA_Test.testFindAll(ServiceRepositoryImpl_JPA_Test.java:102)
	at sun.reflect.NativeMethodAccessorImpl.invoke0(Native Method)
	at sun.reflect.NativeMethodAccessorImpl.invoke(NativeMethodAccessorImpl.java:57)
	at sun.reflect.DelegatingMethodAccessorImpl.invoke(DelegatingMethodAccessorImpl.java:43)
	at java.lang.reflect.Method.invoke(Method.java:606)
	at org.junit.runners.model.FrameworkMethod$1.runReflectiveCall(FrameworkMethod.java:44)
	at org.junit.internal.runners.model.ReflectiveCallable.run(ReflectiveCallable.java:15)
	at org.junit.runners.model.FrameworkMethod.invokeExplosively(FrameworkMethod.java:41)
	at org.junit.internal.runners.statements.InvokeMethod.evaluate(InvokeMethod.java:20)
	at org.junit.internal.runners.statements.RunBefores.evaluate(RunBefores.java:28)
	at org.springframework.test.context.junit4.statements.RunBeforeTestMethodCallbacks.evaluate(RunBeforeTestMethodCallbacks.java:74)
	at org.junit.internal.runners.statements.RunAfters.evaluate(RunAfters.java:31)
	at org.springframework.test.context.junit4.statements.RunAfterTestMethodCallbacks.evaluate(RunAfterTestMethodCallbacks.java:83)
	at org.springframework.test.context.junit4.statements.SpringRepeat.evaluate(SpringRepeat.java:72)
	at org.springframework.test.context.junit4.SpringJUnit4ClassRunner.runChild(SpringJUnit4ClassRunner.java:231)
	at org.springframework.test.context.junit4.SpringJUnit4ClassRunner.runChild(SpringJUnit4ClassRunner.java:88)
	at org.junit.runners.ParentRunner$3.run(ParentRunner.java:193)
	at org.junit.runners.ParentRunner$1.schedule(ParentRunner.java:52)
	at org.junit.runners.ParentRunner.runChildren(ParentRunner.java:191)
	at org.junit.runners.ParentRunner.access$000(ParentRunner.java:42)
	at org.junit.runners.ParentRunner$2.evaluate(ParentRunner.java:184)
	at org.junit.internal.runners.statements.RunBefores.evaluate(RunBefores.java:28)
	at org.springframework.test.context.junit4.statements.RunBeforeTestClassCallbacks.evaluate(RunBeforeTestClassCallbacks.java:61)
	at org.junit.internal.runners.statements.RunAfters.evaluate(RunAfters.java:31)
	at org.springframework.test.context.junit4.statements.RunAfterTestClassCallbacks.evaluate(RunAfterTestClassCallbacks.java:71)
	at org.junit.runners.ParentRunner.run(ParentRunner.java:236)
	at org.springframework.test.context.junit4.SpringJUnit4ClassRunner.run(SpringJUnit4ClassRunner.java:174)
	at org.apache.maven.surefire.junit4.JUnit4TestSet.execute(JUnit4TestSet.java:53)
	at org.apache.maven.surefire.junit4.JUnit4Provider.executeTestSet(JUnit4Provider.java:123)
	at org.apache.maven.surefire.junit4.JUnit4Provider.invoke(JUnit4Provider.java:104)
	at sun.reflect.NativeMethodAccessorImpl.invoke0(Native Method)
	at sun.reflect.NativeMethodAccessorImpl.invoke(NativeMethodAccessorImpl.java:57)
	at sun.reflect.DelegatingMethodAccessorImpl.invoke(DelegatingMethodAccessorImpl.java:43)
	at java.lang.reflect.Method.invoke(Method.java:606)
	at org.apache.maven.surefire.util.ReflectionUtils.invokeMethodWithArray(ReflectionUtils.java:164)
	at org.apache.maven.surefire.booter.ProviderFactory$ProviderProxy.invoke(ProviderFactory.java:110)
	at org.apache.maven.surefire.booter.SurefireStarter.invokeProvider(SurefireStarter.java:175)
	at org.apache.maven.surefire.booter.SurefireStarter.runSuitesInProcessWhenForked(SurefireStarter.java:107)
	at org.apache.maven.surefire.booter.ForkedBooter.main(ForkedBooter.java:68)
</failure>
    <system-out>Hibernate: select service0_.srvcCode as srvcCode3_, service0_.srvcDescription as srvcDesc2_3_, service0_.srvcName as srvcName3_ from T_SERVICE service0_
Hibernate: select srvcrateli0_.Service_Code as Service10_3_1_, srvcrateli0_.srvcRateId as srvcRateId1_, srvcrateli0_.srvcRateId as srvcRateId1_0_, srvcrateli0_.Service_Code as Service10_1_0_, srvcrateli0_.chargeFrequency as chargeFr2_1_0_, srvcrateli0_.chargeName as chargeName1_0_, srvcrateli0_.chargePercentile as chargePe4_1_0_, srvcrateli0_.perUnit as perUnit1_0_, srvcrateli0_.amount as amount1_0_, srvcrateli0_.currency as currency1_0_, srvcrateli0_.chargeType as chargeType1_0_, srvcrateli0_.percentileBased as percenti9_1_0_, srvcrateli0_.ServicePlan_Id as Service11_1_0_ from T_SERVICERATE srvcrateli0_ where srvcrateli0_.Service_Code=?
</system-out>
    <system-err>Apr 08, 2017 9:48:59 PM org.springframework.test.context.transaction.TransactionalTestExecutionListener startNewTransaction
INFO: Began transaction (6): transaction manager [org.springframework.orm.jpa.JpaTransactionManager@6abf59]; rollback [true]
Apr 08, 2017 9:48:59 PM org.springframework.test.context.transaction.TransactionalTestExecutionListener endTransaction
INFO: Rolled back transaction after test execution for test context [TestContext@b6737c testClass = ServiceRepositoryImpl_JPA_Test, testInstance = com.ams.infrastructure.persistance.jpa.ServiceRepositoryImpl_JPA_Test@7b0921, testMethod = testFindAll@ServiceRepositoryImpl_JPA_Test, testException = java.lang.AssertionError: expected:&lt;0&gt; but was:&lt;1&gt;, mergedContextConfiguration = [MergedContextConfiguration@1913b29 testClass = ServiceRepositoryImpl_JPA_Test, locations = &apos;{classpath:com/ams/infrastructure/configuration/ApplicationContext.xml}&apos;, classes = &apos;{}&apos;, contextInitializerClasses = &apos;[]&apos;, activeProfiles = &apos;{}&apos;, contextLoader = &apos;org.springframework.test.context.support.DelegatingSmartContextLoader&apos;]]
</system-err>
  </testcase>
</testsuite>